  [4;36;1mSQL (0.016000)[0m   [0;1m SELECT name
 FROM sqlite_master
 WHERE type = 'table' AND NOT name = 'sqlite_sequence'
[0m
  [4;35;1mSQL (0.016000)[0m   [0mselect sqlite_version(*)[0m
  [4;36;1mSQL (0.046000)[0m   [0;1mCREATE TABLE "schema_migrations" ("version" varchar(255) NOT NULL) [0m
  [4;35;1mSQL (0.063000)[0m   [0mCREATE UNIQUE INDEX "unique_schema_migrations" ON "schema_migrations" ("version")[0m
  [4;36;1mSQL (0.000000)[0m   [0;1m SELECT name
 FROM sqlite_master
 WHERE type = 'table' AND NOT name = 'sqlite_sequence'
[0m
  [4;36;1mSQL (0.000000)[0m   [0;1m SELECT name
 FROM sqlite_master
 WHERE type = 'table' AND NOT name = 'sqlite_sequence'
[0m
  [4;36;1mSQL (0.000000)[0m   [0;1m SELECT name
 FROM sqlite_master
 WHERE type = 'table' AND NOT name = 'sqlite_sequence'
[0m
  [4;35;1mSQL (0.000000)[0m   [0mselect sqlite_version(*)[0m
  [4;36;1mSQL (0.047000)[0m   [0;1mCREATE TABLE "schema_migrations" ("version" varchar(255) NOT NULL) [0m
  [4;35;1mSQL (0.047000)[0m   [0mCREATE UNIQUE INDEX "unique_schema_migrations" ON "schema_migrations" ("version")[0m
  [4;36;1mSQL (0.000000)[0m   [0;1m SELECT name
 FROM sqlite_master
 WHERE type = 'table' AND NOT name = 'sqlite_sequence'
[0m
  [4;36;1mSQL (0.000000)[0m   [0;1m SELECT name
 FROM sqlite_master
 WHERE type = 'table' AND NOT name = 'sqlite_sequence'
[0m
  [4;35;1mSQL (0.000000)[0m   [0mSELECT version FROM schema_migrations[0m
Migrating to CreateSettings (20080926184048)
  [4;36;1mSQL (0.000000)[0m   [0;1mselect sqlite_version(*)[0m
  [4;35;1mSQL (0.047000)[0m   [0mCREATE TABLE "settings" ("id" INTEGER PRIMARY KEY AUTOINCREMENT NOT NULL, "name" varchar(255), "description" text, "value" text, "created_at" datetime, "updated_at" datetime) [0m
  [4;36;1mSQL (0.063000)[0m   [0;1mINSERT INTO schema_migrations (version) VALUES ('20080926184048')[0m
Migrating to CreateUsers (20080926195224)
  [4;35;1mSQL (0.000000)[0m   [0m SELECT name
 FROM sqlite_master
 WHERE type = 'table' AND NOT name = 'sqlite_sequence'
[0m
  [4;36;1mSQL (0.046000)[0m   [0;1mCREATE TABLE "users" ("id" INTEGER PRIMARY KEY AUTOINCREMENT NOT NULL, "login" varchar(255), "email" varchar(255), "crypted_password" varchar(40), "salt" varchar(40), "created_at" datetime, "updated_at" datetime, "remember_token" varchar(255), "remember_token_expires_at" datetime) [0m
  [4;35;1mSQL (0.047000)[0m   [0mINSERT INTO schema_migrations (version) VALUES ('20080926195224')[0m
  [4;36;1mSQL (0.016000)[0m   [0;1m SELECT name
 FROM sqlite_master
 WHERE type = 'table' AND NOT name = 'sqlite_sequence'
[0m
  [4;35;1mSQL (0.000000)[0m   [0mSELECT version FROM schema_migrations[0m
  [4;36;1mSQL (0.000000)[0m   [0;1m SELECT name
 FROM sqlite_master
 WHERE type = 'table' AND NOT name = 'sqlite_sequence'
[0m
  [4;35;1mSQL (0.000000)[0m   [0mPRAGMA index_list("settings")[0m
  [4;36;1mSQL (0.015000)[0m   [0;1mPRAGMA index_list("users")[0m
  [4;36;1mSQL (0.000000)[0m   [0;1m SELECT name
 FROM sqlite_master
 WHERE type = 'table' AND NOT name = 'sqlite_sequence'
[0m
  [4;35;1mSQL (0.000000)[0m   [0mSELECT version FROM schema_migrations[0m
Migrating to CreateSettings (20080926184048)
Migrating to CreateUsers (20080926195224)
Migrating to CreateRootUser (20080926195658)
  [4;36;1mSQL (0.000000)[0m   [0;1mSELECT "login" FROM "users" WHERE (LOWER("users".login) = 'root') [0m
  [4;35;1mSQL (0.016000)[0m   [0mSELECT "email" FROM "users" WHERE ("users".email IS NULL) [0m
  [4;36;1mSQL (0.031000)[0m   [0;1mINSERT INTO schema_migrations (version) VALUES ('20080926195658')[0m
  [4;35;1mSQL (0.000000)[0m   [0mselect sqlite_version(*)[0m
  [4;36;1mSQL (0.015000)[0m   [0;1m SELECT name
 FROM sqlite_master
 WHERE type = 'table' AND NOT name = 'sqlite_sequence'
[0m
  [4;35;1mSQL (0.000000)[0m   [0mSELECT version FROM schema_migrations[0m
  [4;36;1mSQL (0.000000)[0m   [0;1m SELECT name
 FROM sqlite_master
 WHERE type = 'table' AND NOT name = 'sqlite_sequence'
[0m
  [4;35;1mSQL (0.000000)[0m   [0mPRAGMA index_list("settings")[0m
  [4;36;1mSQL (0.015000)[0m   [0;1mPRAGMA index_list("users")[0m


Processing HomeController#index (for 127.0.0.1 at 2008-09-26 14:59:01) [GET]
  Session ID: e5222f67acc1e0318ecea60ee65f333f
  Parameters: {"action"=>"index", "controller"=>"home"}
Rendering template within layouts/application
Rendering home/index
Completed in 0.06300 (15 reqs/sec) | Rendering: 0.03200 (50%) | DB: 0.00000 (0%) | 200 OK [http://localhost/]


Processing SessionsController#new (for 127.0.0.1 at 2008-09-26 14:59:12) [GET]
  Session ID: BAh7BiIKZmxhc2hJQzonQWN0aW9uQ29udHJvbGxlcjo6Rmxhc2g6OkZsYXNo
SGFzaHsABjoKQHVzZWR7AA==--87cb6064d9570d22b45da17d9ec6dec2732ad64e
  Parameters: {"action"=>"new", "controller"=>"sessions"}
Rendering template within layouts/application
Rendering sessions/new
Completed in 0.01600 (62 reqs/sec) | Rendering: 0.00000 (0%) | DB: 0.00000 (0%) | 200 OK [http://localhost/sessions/new]


Processing SessionsController#create (for 127.0.0.1 at 2008-09-26 14:59:17) [POST]
  Session ID: BAh7BzoMY3NyZl9pZCIlYjIwNTZjY2ViZTQ4MWZlNTE2YmQ0MGZhZDRiZGZj
OGUiCmZsYXNoSUM6J0FjdGlvbkNvbnRyb2xsZXI6OkZsYXNoOjpGbGFzaEhh
c2h7AAY6CkB1c2VkewA=--68516f6287aae0ebfe202867460960a9966a0036
  Parameters: {"commit"=>"Log in", "authenticity_token"=>"92aa539fee3feddbc2a553530006c3f825f4ef3f", "action"=>"create", "controller"=>"sessions", "password"=>"sldkfj", "login"=>"root"}
  [4;36;1mUser Load (0.000000)[0m   [0;1mSELECT * FROM "users" WHERE ("users"."login" = 'root') LIMIT 1[0m
Rendering template within layouts/application
Rendering sessions/new
Completed in 0.09400 (10 reqs/sec) | Rendering: 0.00000 (0%) | DB: 0.00000 (0%) | 200 OK [http://localhost/session]


Processing SessionsController#create (for 127.0.0.1 at 2008-09-26 14:59:27) [POST]
  Session ID: BAh7CDoMdXNlcl9pZDA6DGNzcmZfaWQiJWIyMDU2Y2NlYmU0ODFmZTUxNmJk
NDBmYWQ0YmRmYzhlIgpmbGFzaElDOidBY3Rpb25Db250cm9sbGVyOjpGbGFz
aDo6Rmxhc2hIYXNoewAGOgpAdXNlZHsA--5e5b46616e392257d6e1f2c05ad572d7494f2004
  Parameters: {"commit"=>"Log in", "authenticity_token"=>"92aa539fee3feddbc2a553530006c3f825f4ef3f", "action"=>"create", "controller"=>"sessions", "password"=>"blah", "login"=>"root"}
  [4;35;1mUser Load (0.000000)[0m   [0mSELECT * FROM "users" WHERE ("users"."login" = 'root') LIMIT 1[0m
Rendering template within layouts/application
Rendering sessions/new
Completed in 0.07800 (12 reqs/sec) | Rendering: 0.01600 (20%) | DB: 0.00000 (0%) | 200 OK [http://localhost/session]


Processing HomeController#index (for 127.0.0.1 at 2008-09-26 14:59:50) [GET]
  Session ID: BAh7CDoMdXNlcl9pZDA6DGNzcmZfaWQiJWIyMDU2Y2NlYmU0ODFmZTUxNmJk
NDBmYWQ0YmRmYzhlIgpmbGFzaElDOidBY3Rpb25Db250cm9sbGVyOjpGbGFz
aDo6Rmxhc2hIYXNoewAGOgpAdXNlZHsA--5e5b46616e392257d6e1f2c05ad572d7494f2004
  Parameters: {"action"=>"index", "controller"=>"home"}
Rendering template within layouts/application
Rendering home/index
Completed in 0.01600 (62 reqs/sec) | Rendering: 0.00000 (0%) | DB: 0.00000 (0%) | 200 OK [http://localhost/]


Processing HomeController#index (for 127.0.0.1 at 2008-09-26 15:01:50) [GET]
  Session ID: BAh7CDoMdXNlcl9pZDA6DGNzcmZfaWQiJWIyMDU2Y2NlYmU0ODFmZTUxNmJk
NDBmYWQ0YmRmYzhlIgpmbGFzaElDOidBY3Rpb25Db250cm9sbGVyOjpGbGFz
aDo6Rmxhc2hIYXNoewAGOgpAdXNlZHsA--5e5b46616e392257d6e1f2c05ad572d7494f2004
  Parameters: {"action"=>"index", "controller"=>"home"}
Rendering template within layouts/application
Rendering home/index
Completed in 0.01600 (62 reqs/sec) | Rendering: 0.01600 (100%) | DB: 0.00000 (0%) | 200 OK [http://localhost/]


Processing HomeController#index (for 127.0.0.1 at 2008-09-26 15:01:52) [GET]
  Session ID: BAh7CDoMdXNlcl9pZDA6DGNzcmZfaWQiJWIyMDU2Y2NlYmU0ODFmZTUxNmJk
NDBmYWQ0YmRmYzhlIgpmbGFzaElDOidBY3Rpb25Db250cm9sbGVyOjpGbGFz
aDo6Rmxhc2hIYXNoewAGOgpAdXNlZHsA--5e5b46616e392257d6e1f2c05ad572d7494f2004
  Parameters: {"action"=>"index", "controller"=>"home"}
Rendering template within layouts/application
Rendering home/index
Completed in 0.00010 (10000 reqs/sec) | Rendering: 0.00000 (0%) | DB: 0.00000 (0%) | 200 OK [http://localhost/]


Processing SessionsController#index (for 127.0.0.1 at 2008-09-26 15:01:57) [GET]
  Session ID: BAh7CDoMdXNlcl9pZDA6DGNzcmZfaWQiJWIyMDU2Y2NlYmU0ODFmZTUxNmJk
NDBmYWQ0YmRmYzhlIgpmbGFzaElDOidBY3Rpb25Db250cm9sbGVyOjpGbGFz
aDo6Rmxhc2hIYXNoewAGOgpAdXNlZHsA--5e5b46616e392257d6e1f2c05ad572d7494f2004
  Parameters: {"action"=>"index", "controller"=>"sessions"}


ActionController::UnknownAction (No action responded to index):
    c:/ruby/lib/ruby/gems/1.8/gems/actionpack-2.1.1/lib/action_controller/filters.rb:579:in `call_filters'
    c:/ruby/lib/ruby/gems/1.8/gems/actionpack-2.1.1/lib/action_controller/filters.rb:572:in `perform_action_without_benchmark'
    c:/ruby/lib/ruby/gems/1.8/gems/actionpack-2.1.1/lib/action_controller/benchmarking.rb:68:in `perform_action_without_rescue'
    c:/ruby/lib/ruby/1.8/benchmark.rb:293:in `measure'
    c:/ruby/lib/ruby/gems/1.8/gems/actionpack-2.1.1/lib/action_controller/benchmarking.rb:68:in `perform_action_without_rescue'
    c:/ruby/lib/ruby/gems/1.8/gems/actionpack-2.1.1/lib/action_controller/rescue.rb:201:in `perform_action_without_caching'
    c:/ruby/lib/ruby/gems/1.8/gems/actionpack-2.1.1/lib/action_controller/caching/sql_cache.rb:13:in `perform_action'
    c:/ruby/lib/ruby/gems/1.8/gems/activerecord-2.1.1/lib/active_record/connection_adapters/abstract/query_cache.rb:33:in `cache'
    c:/ruby/lib/ruby/gems/1.8/gems/activerecord-2.1.1/lib/active_record/query_cache.rb:8:in `cache'
    c:/ruby/lib/ruby/gems/1.8/gems/actionpack-2.1.1/lib/action_controller/caching/sql_cache.rb:12:in `perform_action'
    c:/ruby/lib/ruby/gems/1.8/gems/actionpack-2.1.1/lib/action_controller/base.rb:529:in `send'
    c:/ruby/lib/ruby/gems/1.8/gems/actionpack-2.1.1/lib/action_controller/base.rb:529:in `process_without_filters'
    c:/ruby/lib/ruby/gems/1.8/gems/actionpack-2.1.1/lib/action_controller/filters.rb:568:in `process_without_session_management_support'
    c:/ruby/lib/ruby/gems/1.8/gems/actionpack-2.1.1/lib/action_controller/session_management.rb:130:in `sass_old_process'
    c:/ruby/lib/ruby/gems/1.8/gems/haml-2.0.3/lib/sass/plugin/rails.rb:19:in `process'
    c:/ruby/lib/ruby/gems/1.8/gems/actionpack-2.1.1/lib/action_controller/base.rb:389:in `process'
    c:/ruby/lib/ruby/gems/1.8/gems/actionpack-2.1.1/lib/action_controller/dispatcher.rb:149:in `handle_request'
    c:/ruby/lib/ruby/gems/1.8/gems/actionpack-2.1.1/lib/action_controller/dispatcher.rb:107:in `dispatch'
    c:/ruby/lib/ruby/gems/1.8/gems/actionpack-2.1.1/lib/action_controller/dispatcher.rb:104:in `synchronize'
    c:/ruby/lib/ruby/gems/1.8/gems/actionpack-2.1.1/lib/action_controller/dispatcher.rb:104:in `dispatch'
    c:/ruby/lib/ruby/gems/1.8/gems/actionpack-2.1.1/lib/action_controller/dispatcher.rb:120:in `dispatch_cgi'
    c:/ruby/lib/ruby/gems/1.8/gems/actionpack-2.1.1/lib/action_controller/dispatcher.rb:35:in `dispatch'
    c:/ruby/lib/ruby/gems/1.8/gems/mongrel-1.1.5-x86-mswin32-60/bin/../lib/mongrel/rails.rb:76:in `process'
    c:/ruby/lib/ruby/gems/1.8/gems/mongrel-1.1.5-x86-mswin32-60/bin/../lib/mongrel/rails.rb:74:in `synchronize'
    c:/ruby/lib/ruby/gems/1.8/gems/mongrel-1.1.5-x86-mswin32-60/bin/../lib/mongrel/rails.rb:74:in `process'
    c:/ruby/lib/ruby/gems/1.8/gems/mongrel-1.1.5-x86-mswin32-60/lib/mongrel.rb:159:in `process_client'
    c:/ruby/lib/ruby/gems/1.8/gems/mongrel-1.1.5-x86-mswin32-60/lib/mongrel.rb:158:in `each'
    c:/ruby/lib/ruby/gems/1.8/gems/mongrel-1.1.5-x86-mswin32-60/lib/mongrel.rb:158:in `process_client'
    c:/ruby/lib/ruby/gems/1.8/gems/mongrel-1.1.5-x86-mswin32-60/lib/mongrel.rb:285:in `run'
    c:/ruby/lib/ruby/gems/1.8/gems/mongrel-1.1.5-x86-mswin32-60/lib/mongrel.rb:285:in `initialize'
    c:/ruby/lib/ruby/gems/1.8/gems/mongrel-1.1.5-x86-mswin32-60/lib/mongrel.rb:285:in `new'
    c:/ruby/lib/ruby/gems/1.8/gems/mongrel-1.1.5-x86-mswin32-60/lib/mongrel.rb:285:in `run'
    c:/ruby/lib/ruby/gems/1.8/gems/mongrel-1.1.5-x86-mswin32-60/lib/mongrel.rb:268:in `initialize'
    c:/ruby/lib/ruby/gems/1.8/gems/mongrel-1.1.5-x86-mswin32-60/lib/mongrel.rb:268:in `new'
    c:/ruby/lib/ruby/gems/1.8/gems/mongrel-1.1.5-x86-mswin32-60/lib/mongrel.rb:268:in `run'
    c:/ruby/lib/ruby/gems/1.8/gems/mongrel-1.1.5-x86-mswin32-60/lib/mongrel/configurator.rb:282:in `run'
    c:/ruby/lib/ruby/gems/1.8/gems/mongrel-1.1.5-x86-mswin32-60/lib/mongrel/configurator.rb:281:in `each'
    c:/ruby/lib/ruby/gems/1.8/gems/mongrel-1.1.5-x86-mswin32-60/lib/mongrel/configurator.rb:281:in `run'
    c:/ruby/lib/ruby/gems/1.8/gems/mongrel-1.1.5-x86-mswin32-60/bin/mongrel_rails:128:in `run'
    c:/ruby/lib/ruby/gems/1.8/gems/mongrel-1.1.5-x86-mswin32-60/lib/mongrel/command.rb:212:in `run'
    c:/ruby/lib/ruby/gems/1.8/gems/mongrel-1.1.5-x86-mswin32-60/bin/mongrel_rails:281
    c:/ruby/lib/ruby/gems/1.8/gems/activesupport-2.1.1/lib/active_support/dependencies.rb:503:in `load'
    c:/ruby/lib/ruby/gems/1.8/gems/activesupport-2.1.1/lib/active_support/dependencies.rb:503:in `load'
    c:/ruby/lib/ruby/gems/1.8/gems/activesupport-2.1.1/lib/active_support/dependencies.rb:355:in `new_constants_in'
    c:/ruby/lib/ruby/gems/1.8/gems/activesupport-2.1.1/lib/active_support/dependencies.rb:503:in `load'
    c:/ruby/lib/ruby/gems/1.8/gems/rails-2.1.1/lib/commands/servers/mongrel.rb:64
    c:/ruby/lib/ruby/site_ruby/1.8/rubygems/custom_require.rb:27:in `gem_original_require'
    c:/ruby/lib/ruby/site_ruby/1.8/rubygems/custom_require.rb:27:in `require'
    c:/ruby/lib/ruby/gems/1.8/gems/activesupport-2.1.1/lib/active_support/dependencies.rb:510:in `require'
    c:/ruby/lib/ruby/gems/1.8/gems/activesupport-2.1.1/lib/active_support/dependencies.rb:355:in `new_constants_in'
    c:/ruby/lib/ruby/gems/1.8/gems/activesupport-2.1.1/lib/active_support/dependencies.rb:510:in `require'
    c:/ruby/lib/ruby/gems/1.8/gems/rails-2.1.1/lib/commands/server.rb:39
    c:/ruby/lib/ruby/site_ruby/1.8/rubygems/custom_require.rb:27:in `gem_original_require'
    c:/ruby/lib/ruby/site_ruby/1.8/rubygems/custom_require.rb:27:in `require'
    ./script/server:3
    -e:2:in `load'
    -e:2

Rendering c:/ruby/lib/ruby/gems/1.8/gems/actionpack-2.1.1/lib/action_controller/templates/rescues/layout.erb (not_found)


Processing SessionsController#show (for 127.0.0.1 at 2008-09-26 15:02:00) [GET]
  Session ID: BAh7CDoMdXNlcl9pZDA6DGNzcmZfaWQiJWIyMDU2Y2NlYmU0ODFmZTUxNmJk
NDBmYWQ0YmRmYzhlIgpmbGFzaElDOidBY3Rpb25Db250cm9sbGVyOjpGbGFz
aDo6Rmxhc2hIYXNoewAGOgpAdXNlZHsA--5e5b46616e392257d6e1f2c05ad572d7494f2004
  Parameters: {"action"=>"show", "controller"=>"sessions"}


ActionController::UnknownAction (No action responded to show):
    c:/ruby/lib/ruby/gems/1.8/gems/actionpack-2.1.1/lib/action_controller/filters.rb:579:in `call_filters'
    c:/ruby/lib/ruby/gems/1.8/gems/actionpack-2.1.1/lib/action_controller/filters.rb:572:in `perform_action_without_benchmark'
    c:/ruby/lib/ruby/gems/1.8/gems/actionpack-2.1.1/lib/action_controller/benchmarking.rb:68:in `perform_action_without_rescue'
    c:/ruby/lib/ruby/1.8/benchmark.rb:293:in `measure'
    c:/ruby/lib/ruby/gems/1.8/gems/actionpack-2.1.1/lib/action_controller/benchmarking.rb:68:in `perform_action_without_rescue'
    c:/ruby/lib/ruby/gems/1.8/gems/actionpack-2.1.1/lib/action_controller/rescue.rb:201:in `perform_action_without_caching'
    c:/ruby/lib/ruby/gems/1.8/gems/actionpack-2.1.1/lib/action_controller/caching/sql_cache.rb:13:in `perform_action'
    c:/ruby/lib/ruby/gems/1.8/gems/activerecord-2.1.1/lib/active_record/connection_adapters/abstract/query_cache.rb:33:in `cache'
    c:/ruby/lib/ruby/gems/1.8/gems/activerecord-2.1.1/lib/active_record/query_cache.rb:8:in `cache'
    c:/ruby/lib/ruby/gems/1.8/gems/actionpack-2.1.1/lib/action_controller/caching/sql_cache.rb:12:in `perform_action'
    c:/ruby/lib/ruby/gems/1.8/gems/actionpack-2.1.1/lib/action_controller/base.rb:529:in `send'
    c:/ruby/lib/ruby/gems/1.8/gems/actionpack-2.1.1/lib/action_controller/base.rb:529:in `process_without_filters'
    c:/ruby/lib/ruby/gems/1.8/gems/actionpack-2.1.1/lib/action_controller/filters.rb:568:in `process_without_session_management_support'
    c:/ruby/lib/ruby/gems/1.8/gems/actionpack-2.1.1/lib/action_controller/session_management.rb:130:in `sass_old_process'
    c:/ruby/lib/ruby/gems/1.8/gems/haml-2.0.3/lib/sass/plugin/rails.rb:19:in `process'
    c:/ruby/lib/ruby/gems/1.8/gems/actionpack-2.1.1/lib/action_controller/base.rb:389:in `process'
    c:/ruby/lib/ruby/gems/1.8/gems/actionpack-2.1.1/lib/action_controller/dispatcher.rb:149:in `handle_request'
    c:/ruby/lib/ruby/gems/1.8/gems/actionpack-2.1.1/lib/action_controller/dispatcher.rb:107:in `dispatch'
    c:/ruby/lib/ruby/gems/1.8/gems/actionpack-2.1.1/lib/action_controller/dispatcher.rb:104:in `synchronize'
    c:/ruby/lib/ruby/gems/1.8/gems/actionpack-2.1.1/lib/action_controller/dispatcher.rb:104:in `dispatch'
    c:/ruby/lib/ruby/gems/1.8/gems/actionpack-2.1.1/lib/action_controller/dispatcher.rb:120:in `dispatch_cgi'
    c:/ruby/lib/ruby/gems/1.8/gems/actionpack-2.1.1/lib/action_controller/dispatcher.rb:35:in `dispatch'
    c:/ruby/lib/ruby/gems/1.8/gems/mongrel-1.1.5-x86-mswin32-60/bin/../lib/mongrel/rails.rb:76:in `process'
    c:/ruby/lib/ruby/gems/1.8/gems/mongrel-1.1.5-x86-mswin32-60/bin/../lib/mongrel/rails.rb:74:in `synchronize'
    c:/ruby/lib/ruby/gems/1.8/gems/mongrel-1.1.5-x86-mswin32-60/bin/../lib/mongrel/rails.rb:74:in `process'
    c:/ruby/lib/ruby/gems/1.8/gems/mongrel-1.1.5-x86-mswin32-60/lib/mongrel.rb:159:in `process_client'
    c:/ruby/lib/ruby/gems/1.8/gems/mongrel-1.1.5-x86-mswin32-60/lib/mongrel.rb:158:in `each'
    c:/ruby/lib/ruby/gems/1.8/gems/mongrel-1.1.5-x86-mswin32-60/lib/mongrel.rb:158:in `process_client'
    c:/ruby/lib/ruby/gems/1.8/gems/mongrel-1.1.5-x86-mswin32-60/lib/mongrel.rb:285:in `run'
    c:/ruby/lib/ruby/gems/1.8/gems/mongrel-1.1.5-x86-mswin32-60/lib/mongrel.rb:285:in `initialize'
    c:/ruby/lib/ruby/gems/1.8/gems/mongrel-1.1.5-x86-mswin32-60/lib/mongrel.rb:285:in `new'
    c:/ruby/lib/ruby/gems/1.8/gems/mongrel-1.1.5-x86-mswin32-60/lib/mongrel.rb:285:in `run'
    c:/ruby/lib/ruby/gems/1.8/gems/mongrel-1.1.5-x86-mswin32-60/lib/mongrel.rb:268:in `initialize'
    c:/ruby/lib/ruby/gems/1.8/gems/mongrel-1.1.5-x86-mswin32-60/lib/mongrel.rb:268:in `new'
    c:/ruby/lib/ruby/gems/1.8/gems/mongrel-1.1.5-x86-mswin32-60/lib/mongrel.rb:268:in `run'
    c:/ruby/lib/ruby/gems/1.8/gems/mongrel-1.1.5-x86-mswin32-60/lib/mongrel/configurator.rb:282:in `run'
    c:/ruby/lib/ruby/gems/1.8/gems/mongrel-1.1.5-x86-mswin32-60/lib/mongrel/configurator.rb:281:in `each'
    c:/ruby/lib/ruby/gems/1.8/gems/mongrel-1.1.5-x86-mswin32-60/lib/mongrel/configurator.rb:281:in `run'
    c:/ruby/lib/ruby/gems/1.8/gems/mongrel-1.1.5-x86-mswin32-60/bin/mongrel_rails:128:in `run'
    c:/ruby/lib/ruby/gems/1.8/gems/mongrel-1.1.5-x86-mswin32-60/lib/mongrel/command.rb:212:in `run'
    c:/ruby/lib/ruby/gems/1.8/gems/mongrel-1.1.5-x86-mswin32-60/bin/mongrel_rails:281
    c:/ruby/lib/ruby/gems/1.8/gems/activesupport-2.1.1/lib/active_support/dependencies.rb:503:in `load'
    c:/ruby/lib/ruby/gems/1.8/gems/activesupport-2.1.1/lib/active_support/dependencies.rb:503:in `load'
    c:/ruby/lib/ruby/gems/1.8/gems/activesupport-2.1.1/lib/active_support/dependencies.rb:355:in `new_constants_in'
    c:/ruby/lib/ruby/gems/1.8/gems/activesupport-2.1.1/lib/active_support/dependencies.rb:503:in `load'
    c:/ruby/lib/ruby/gems/1.8/gems/rails-2.1.1/lib/commands/servers/mongrel.rb:64
    c:/ruby/lib/ruby/site_ruby/1.8/rubygems/custom_require.rb:27:in `gem_original_require'
    c:/ruby/lib/ruby/site_ruby/1.8/rubygems/custom_require.rb:27:in `require'
    c:/ruby/lib/ruby/gems/1.8/gems/activesupport-2.1.1/lib/active_support/dependencies.rb:510:in `require'
    c:/ruby/lib/ruby/gems/1.8/gems/activesupport-2.1.1/lib/active_support/dependencies.rb:355:in `new_constants_in'
    c:/ruby/lib/ruby/gems/1.8/gems/activesupport-2.1.1/lib/active_support/dependencies.rb:510:in `require'
    c:/ruby/lib/ruby/gems/1.8/gems/rails-2.1.1/lib/commands/server.rb:39
    c:/ruby/lib/ruby/site_ruby/1.8/rubygems/custom_require.rb:27:in `gem_original_require'
    c:/ruby/lib/ruby/site_ruby/1.8/rubygems/custom_require.rb:27:in `require'
    ./script/server:3
    -e:2:in `load'
    -e:2

Rendering c:/ruby/lib/ruby/gems/1.8/gems/actionpack-2.1.1/lib/action_controller/templates/rescues/layout.erb (not_found)


Processing SessionsController#new (for 127.0.0.1 at 2008-09-26 15:02:03) [GET]
  Session ID: BAh7CDoMdXNlcl9pZDA6DGNzcmZfaWQiJWIyMDU2Y2NlYmU0ODFmZTUxNmJk
NDBmYWQ0YmRmYzhlIgpmbGFzaElDOidBY3Rpb25Db250cm9sbGVyOjpGbGFz
aDo6Rmxhc2hIYXNoewAGOgpAdXNlZHsA--5e5b46616e392257d6e1f2c05ad572d7494f2004
  Parameters: {"action"=>"new", "controller"=>"sessions"}
Rendering template within layouts/application
Rendering sessions/new
Completed in 0.00010 (10000 reqs/sec) | Rendering: 0.00000 (0%) | DB: 0.00000 (0%) | 200 OK [http://localhost/sessions/new]


Processing SessionsController#create (for 127.0.0.1 at 2008-09-26 15:02:10) [POST]
  Session ID: BAh7CDoMdXNlcl9pZDA6DGNzcmZfaWQiJWIyMDU2Y2NlYmU0ODFmZTUxNmJk
NDBmYWQ0YmRmYzhlIgpmbGFzaElDOidBY3Rpb25Db250cm9sbGVyOjpGbGFz
aDo6Rmxhc2hIYXNoewAGOgpAdXNlZHsA--5e5b46616e392257d6e1f2c05ad572d7494f2004
  Parameters: {"commit"=>"Log in", "authenticity_token"=>"92aa539fee3feddbc2a553530006c3f825f4ef3f", "action"=>"create", "controller"=>"sessions", "password"=>"sldkfj", "login"=>"root"}
  [4;36;1mUser Load (0.000000)[0m   [0;1mSELECT * FROM "users" WHERE ("users"."login" = 'root') LIMIT 1[0m
Rendering template within layouts/application
Rendering sessions/new
Completed in 0.07800 (12 reqs/sec) | Rendering: 0.01500 (19%) | DB: 0.00000 (0%) | 200 OK [http://localhost/session]


Processing SessionsController#create (for 127.0.0.1 at 2008-09-26 15:02:16) [POST]
  Session ID: BAh7CDoMdXNlcl9pZDA6DGNzcmZfaWQiJWIyMDU2Y2NlYmU0ODFmZTUxNmJk
NDBmYWQ0YmRmYzhlIgpmbGFzaElDOidBY3Rpb25Db250cm9sbGVyOjpGbGFz
aDo6Rmxhc2hIYXNoewAGOgpAdXNlZHsA--5e5b46616e392257d6e1f2c05ad572d7494f2004
  Parameters: {"commit"=>"Log in", "authenticity_token"=>"92aa539fee3feddbc2a553530006c3f825f4ef3f", "action"=>"create", "controller"=>"sessions", "password"=>"blah", "login"=>"root"}
  [4;35;1mUser Load (0.000000)[0m   [0mSELECT * FROM "users" WHERE ("users"."login" = 'root') LIMIT 1[0m
Rendering template within layouts/application
Rendering sessions/new
Completed in 0.07800 (12 reqs/sec) | Rendering: 0.00000 (0%) | DB: 0.00000 (0%) | 200 OK [http://localhost/session]
  [4;36;1mUser Load (0.000000)[0m   [0;1mSELECT * FROM "users" [0m
  [4;35;1mSQL (0.000000)[0m   [0mSELECT "login" FROM "users" WHERE (LOWER("users".login) = 'root') [0m
  [4;36;1mSQL (0.000000)[0m   [0;1mSELECT "email" FROM "users" WHERE ("users".email IS NULL) [0m
  [4;36;1mSQL (0.000000)[0m   [0;1m SELECT name
 FROM sqlite_master
 WHERE type = 'table' AND NOT name = 'sqlite_sequence'
[0m
  [4;35;1mSQL (0.000000)[0m   [0mSELECT version FROM schema_migrations[0m
  [4;36;1mSQL (0.000000)[0m   [0;1m SELECT name
 FROM sqlite_master
 WHERE type = 'table' AND NOT name = 'sqlite_sequence'
[0m
  [4;35;1mSQL (0.000000)[0m   [0mSELECT version FROM schema_migrations[0m
Migrating to CreateRootUser (20080926195658)
  [4;36;1mUser Load (0.000000)[0m   [0;1mSELECT * FROM "users" WHERE ("users"."login" = 'root') LIMIT 1[0m
  [4;36;1mSQL (0.015000)[0m   [0;1m SELECT name
 FROM sqlite_master
 WHERE type = 'table' AND NOT name = 'sqlite_sequence'
[0m
  [4;35;1mSQL (0.000000)[0m   [0mSELECT version FROM schema_migrations[0m
  [4;36;1mSQL (0.000000)[0m   [0;1m SELECT name
 FROM sqlite_master
 WHERE type = 'table' AND NOT name = 'sqlite_sequence'
[0m
  [4;35;1mSQL (0.000000)[0m   [0mSELECT version FROM schema_migrations[0m
Migrating to CreateRootUser (20080926195658)
  [4;36;1mUser Load (0.000000)[0m   [0;1mSELECT * FROM "users" WHERE ("users"."login" = 'root') LIMIT 1[0m
  [4;35;1mSQL (0.047000)[0m   [0mDELETE FROM schema_migrations WHERE version = '20080926195658'[0m
  [4;36;1mSQL (0.016000)[0m   [0;1mselect sqlite_version(*)[0m
  [4;35;1mSQL (0.000000)[0m   [0m SELECT name
 FROM sqlite_master
 WHERE type = 'table' AND NOT name = 'sqlite_sequence'
[0m
  [4;36;1mSQL (0.000000)[0m   [0;1mSELECT version FROM schema_migrations[0m
  [4;35;1mSQL (0.000000)[0m   [0m SELECT name
 FROM sqlite_master
 WHERE type = 'table' AND NOT name = 'sqlite_sequence'
[0m
  [4;36;1mSQL (0.000000)[0m   [0;1mPRAGMA index_list("settings")[0m
  [4;35;1mSQL (0.000000)[0m   [0mPRAGMA index_list("users")[0m
  [4;36;1mSQL (0.000000)[0m   [0;1m SELECT name
 FROM sqlite_master
 WHERE type = 'table' AND NOT name = 'sqlite_sequence'
[0m
  [4;35;1mSQL (0.000000)[0m   [0mSELECT version FROM schema_migrations[0m
Migrating to CreateSettings (20080926184048)
Migrating to CreateUsers (20080926195224)
Migrating to CreateRootUser (20080926195658)
  [4;36;1mSQL (0.000000)[0m   [0;1mSELECT "login" FROM "users" WHERE (LOWER("users".login) = 'root') [0m
  [4;35;1mSQL (0.000000)[0m   [0mSELECT "email" FROM "users" WHERE (LOWER("users".email) = 'root@example.com') [0m
  [4;36;1mUser Create (0.000000)[0m   [0;1mINSERT INTO "users" ("salt", "updated_at", "crypted_password", "remember_token_expires_at", "remember_token", "login", "email", "created_at") VALUES('863c9d4d8da7bc77cd57e6721bc68be2589def2e', '2008-09-26 20:06:02', '5c2f5bceb076c28bcbf38f0159829bb05cbc56cf', NULL, NULL, 'root', 'root@example.com', '2008-09-26 20:06:02')[0m
  [4;35;1mSQL (0.078000)[0m   [0mINSERT INTO schema_migrations (version) VALUES ('20080926195658')[0m


Processing SessionsController#create (for 127.0.0.1 at 2008-09-26 15:06:10) [POST]
  Session ID: BAh7CDoMdXNlcl9pZDA6DGNzcmZfaWQiJWIyMDU2Y2NlYmU0ODFmZTUxNmJk
NDBmYWQ0YmRmYzhlIgpmbGFzaElDOidBY3Rpb25Db250cm9sbGVyOjpGbGFz
aDo6Rmxhc2hIYXNoewAGOgpAdXNlZHsA--5e5b46616e392257d6e1f2c05ad572d7494f2004
  Parameters: {"commit"=>"Log in", "authenticity_token"=>"92aa539fee3feddbc2a553530006c3f825f4ef3f", "action"=>"create", "controller"=>"sessions", "password"=>"blah", "login"=>"root"}
  [4;36;1mUser Load (0.000000)[0m   [0;1mSELECT * FROM "users" WHERE ("users"."login" = 'root') LIMIT 1[0m
Redirected to http://localhost:3006/
Completed in 0.20300 (4 reqs/sec) | DB: 0.00000 (0%) | 302 Found [http://localhost/session]


Processing HomeController#index (for 127.0.0.1 at 2008-09-26 15:06:11) [GET]
  Session ID: BAh7CToOcmV0dXJuX3RvMDoMdXNlcl9pZGkGOgxjc3JmX2lkIiViMjA1NmNj
ZWJlNDgxZmU1MTZiZDQwZmFkNGJkZmM4ZSIKZmxhc2hJQzonQWN0aW9uQ29u
dHJvbGxlcjo6Rmxhc2g6OkZsYXNoSGFzaHsGOgtub3RpY2UiG0xvZ2dlZCBp
biBzdWNjZXNzZnVsbHkGOgpAdXNlZHsGOwlG--882edab7bfe72de4c69e1da92dfd75eab408b028
  Parameters: {"action"=>"index", "controller"=>"home"}
Rendering template within layouts/application
Rendering home/index
Completed in 0.21800 (4 reqs/sec) | Rendering: 0.21800 (100%) | DB: 0.00000 (0%) | 200 OK [http://localhost/]


Processing SessionsController#new (for 127.0.0.1 at 2008-09-26 15:06:49) [GET]
  Session ID: BAh7CToOcmV0dXJuX3RvMDoMdXNlcl9pZGkGOgxjc3JmX2lkIiViMjA1NmNj
ZWJlNDgxZmU1MTZiZDQwZmFkNGJkZmM4ZSIKZmxhc2hJQzonQWN0aW9uQ29u
dHJvbGxlcjo6Rmxhc2g6OkZsYXNoSGFzaHsGOgtub3RpY2UiG0xvZ2dlZCBp
biBzdWNjZXNzZnVsbHkGOgpAdXNlZHsGOwlU--8b1759fab2ccbd12b057c9b469febb8dea7f27db
  Parameters: {"action"=>"new", "controller"=>"sessions"}
Rendering template within layouts/application
Rendering sessions/new
Completed in 0.01600 (62 reqs/sec) | Rendering: 0.00000 (0%) | DB: 0.00000 (0%) | 200 OK [http://localhost/sessions/new]


Processing SessionsController#create (for 127.0.0.1 at 2008-09-26 15:06:53) [POST]
  Session ID: BAh7CToOcmV0dXJuX3RvMDoMdXNlcl9pZGkGOgxjc3JmX2lkIiViMjA1NmNj
ZWJlNDgxZmU1MTZiZDQwZmFkNGJkZmM4ZSIKZmxhc2hJQzonQWN0aW9uQ29u
dHJvbGxlcjo6Rmxhc2g6OkZsYXNoSGFzaHsABjoKQHVzZWR7AA==--e15185cb154c6c15e24b735e596292bff7f7b841
  Parameters: {"commit"=>"Log in", "authenticity_token"=>"92aa539fee3feddbc2a553530006c3f825f4ef3f", "action"=>"create", "controller"=>"sessions", "password"=>"slkdf", "login"=>"root"}
  [4;35;1mUser Load (0.000000)[0m   [0mSELECT * FROM "users" WHERE ("users"."login" = 'root') LIMIT 1[0m
Rendering template within layouts/application
Rendering sessions/new
Completed in 0.06300 (15 reqs/sec) | Rendering: 0.00000 (0%) | DB: 0.00000 (0%) | 200 OK [http://localhost/session]


Processing SessionsController#create (for 127.0.0.1 at 2008-09-26 15:06:58) [POST]
  Session ID: BAh7CToOcmV0dXJuX3RvMDoMdXNlcl9pZDA6DGNzcmZfaWQiJWIyMDU2Y2Nl
YmU0ODFmZTUxNmJkNDBmYWQ0YmRmYzhlIgpmbGFzaElDOidBY3Rpb25Db250
cm9sbGVyOjpGbGFzaDo6Rmxhc2hIYXNoewY6C25vdGljZSIaQmFkIFVzZXJu
YW1lL1Bhc3N3b3JkBjoKQHVzZWR7BjsJVA==--241fdbc271d1bb7d25ba15d1060fb7a43484a142
  Parameters: {"commit"=>"Log in", "authenticity_token"=>"92aa539fee3feddbc2a553530006c3f825f4ef3f", "action"=>"create", "controller"=>"sessions", "password"=>"blah", "login"=>"root"}
  [4;36;1mUser Load (0.000000)[0m   [0;1mSELECT * FROM "users" WHERE ("users"."login" = 'root') LIMIT 1[0m
Redirected to http://localhost:3006/
Completed in 0.06200 (16 reqs/sec) | DB: 0.00000 (0%) | 302 Found [http://localhost/session]


Processing HomeController#index (for 127.0.0.1 at 2008-09-26 15:06:58) [GET]
  Session ID: BAh7CToOcmV0dXJuX3RvMDoMdXNlcl9pZGkGOgxjc3JmX2lkIiViMjA1NmNj
ZWJlNDgxZmU1MTZiZDQwZmFkNGJkZmM4ZSIKZmxhc2hJQzonQWN0aW9uQ29u
dHJvbGxlcjo6Rmxhc2g6OkZsYXNoSGFzaHsGOgtub3RpY2UiG0xvZ2dlZCBp
biBzdWNjZXNzZnVsbHkGOgpAdXNlZHsGOwlG--882edab7bfe72de4c69e1da92dfd75eab408b028
  Parameters: {"action"=>"index", "controller"=>"home"}
Rendering template within layouts/application
Rendering home/index
Completed in 0.00010 (10000 reqs/sec) | Rendering: 0.00000 (0%) | DB: 0.00000 (0%) | 200 OK [http://localhost/]
